#
# There is insufficient memory for the Java Runtime Environment to continue.
# Native memory allocation (malloc) failed to allocate 1048576 bytes for AllocateHeap
# Possible reasons:
#   The system is out of physical RAM or swap space
#   The process is running with CompressedOops enabled, and the Java Heap may be blocking the growth of the native heap
# Possible solutions:
#   Reduce memory load on the system
#   Increase physical memory or swap space
#   Check if swap backing store is full
#   Decrease Java heap size (-Xmx/-Xms)
#   Decrease number of Java threads
#   Decrease Java thread stack sizes (-Xss)
#   Set larger code cache with -XX:ReservedCodeCacheSize=
#   JVM is running with Unscaled Compressed Oops mode in which the Java heap is
#     placed in the first 4GB address space. The Java Heap base address is the
#     maximum limit for the native heap growth. Please use -XX:HeapBaseMinAddress
#     to set the Java Heap base and to place the Java Heap above 4GB virtual address.
# This output file may be truncated or incomplete.
#
#  Out of Memory Error (t:/workspace/open/src/hotspot/share/memory/allocation.cpp:46), pid=2612, tid=23008
#
# JRE version:  (12.0.2+10) (build )
# Java VM: Java HotSpot(TM) 64-Bit Server VM (12.0.2+10, mixed mode, aot, sharing, tiered, compressed oops, g1 gc, windows-amd64)
# No core dump will be written. Minidumps are not enabled by default on client versions of Windows
#

---------------  S U M M A R Y ------------

Command Line: -Dfile.encoding=Cp1252 Screen

Host: Intel(R) Core(TM) i7-8565U CPU @ 1.80GHz, 8 cores, 7G,  Windows 10 , 64 bit Build 17763 (10.0.17763.475)
Time: Sun Aug  4 16:23:05 2019 GMT Summer Time elapsed time: 0 seconds (0d 0h 0m 0s)

---------------  T H R E A D  ---------------

Current thread (0x000001b7d40bf800):  JavaThread "Unknown thread" [_thread_in_vm, id=23008, stack(0x000000671bc00000,0x000000671bd00000)]

Stack: [0x000000671bc00000,0x000000671bd00000]
Native frames: (J=compiled Java code, j=interpreted, Vv=VM code, C=native code)
V  [jvm.dll+0x63aa2a]
V  [jvm.dll+0x78ce1e]
V  [jvm.dll+0x78e4c1]
V  [jvm.dll+0x78eb13]
V  [jvm.dll+0x2627e8]
V  [jvm.dll+0xbcabf]
V  [jvm.dll+0x2f3f29]
V  [jvm.dll+0x2ea907]
V  [jvm.dll+0x767257]
V  [jvm.dll+0x7689f5]
V  [jvm.dll+0x380059]
V  [jvm.dll+0x74b794]
V  [jvm.dll+0x3ef5cd]
V  [jvm.dll+0x3f1471]
C  [jli.dll+0x51cf]
C  [ucrtbase.dll+0x21ffa]
C  [KERNEL32.DLL+0x17974]
C  [ntdll.dll+0x6a271]


---------------  P R O C E S S  ---------------

Threads class SMR info:
_java_thread_list=0x00007ff9bcf67928, length=0, elements={
}

Java Threads: ( => current thread )

Other Threads:

[error occurred during error reporting (printing all threads), id 0xc0000005, EXCEPTION_ACCESS_VIOLATION (0xc0000005) at pc=0x00007ff9bcbe04c7]

VM state:not at safepoint (not fully initialized)

VM Mutex/Monitor currently owned by a thread: None


[error occurred during error reporting (printing compressed oops mode), id 0xc0000005, EXCEPTION_ACCESS_VIOLATION (0xc0000005) at pc=0x00007ff9bcbf8097]

GC Heap History (0 events):
No events

Deoptimization events (0 events):
No events

Classes redefined (0 events):
No events

Internal exceptions (0 events):
No events

Events (0 events):
No events


Dynamic libraries:
0x00007ff7018f0000 - 0x00007ff7018ff000 	C:\Program Files\Java\jdk-12.0.2\bin\javaw.exe
0x00007ff9fe810000 - 0x00007ff9fe9fd000 	C:\Windows\SYSTEM32\ntdll.dll
0x00007ff9fdaf0000 - 0x00007ff9fdba3000 	C:\Windows\System32\KERNEL32.DLL
0x00007ff9fad90000 - 0x00007ff9fb023000 	C:\Windows\System32\KERNELBASE.dll
0x00007ff9fac90000 - 0x00007ff9fad8a000 	C:\Windows\System32\ucrtbase.dll
0x00007ff9f4420000 - 0x00007ff9f4438000 	C:\Program Files\Java\jdk-12.0.2\bin\jli.dll
0x00007ff9d1a80000 - 0x00007ff9d1a96000 	C:\Program Files\Java\jdk-12.0.2\bin\VCRUNTIME140.dll
0x00007ff9fdcd0000 - 0x00007ff9fdd73000 	C:\Windows\System32\ADVAPI32.dll
0x00007ff9fc2f0000 - 0x00007ff9fc38e000 	C:\Windows\System32\msvcrt.dll
0x00007ff9fc3f0000 - 0x00007ff9fc48e000 	C:\Windows\System32\sechost.dll
0x00007ff9fd990000 - 0x00007ff9fdab2000 	C:\Windows\System32\RPCRT4.dll
0x00007ff9fdf50000 - 0x00007ff9fe0e7000 	C:\Windows\System32\USER32.dll
0x00007ff9fa940000 - 0x00007ff9fa960000 	C:\Windows\System32\win32u.dll
0x00007ff9fdac0000 - 0x00007ff9fdae9000 	C:\Windows\System32\GDI32.dll
0x00007ff9ebb80000 - 0x00007ff9ebdf9000 	C:\Windows\WinSxS\amd64_microsoft.windows.common-controls_6595b64144ccf1df_6.0.17763.615_none_05b4414a072024d4\COMCTL32.dll
0x00007ff9fb0d0000 - 0x00007ff9fb269000 	C:\Windows\System32\gdi32full.dll
0x00007ff9fbb20000 - 0x00007ff9fbe4c000 	C:\Windows\System32\combase.dll
0x00007ff9fabf0000 - 0x00007ff9fac90000 	C:\Windows\System32\msvcp_win.dll
0x00007ff9fb050000 - 0x00007ff9fb0ce000 	C:\Windows\System32\bcryptPrimitives.dll
0x00007ff9f4c90000 - 0x00007ff9f4c9a000 	C:\Windows\SYSTEM32\VERSION.dll
0x00007ff9fdd80000 - 0x00007ff9fddae000 	C:\Windows\System32\IMM32.DLL
0x00007ff9c3700000 - 0x00007ff9c37aa000 	C:\Program Files\Java\jdk-12.0.2\bin\msvcp140.dll
0x00007ff9bc490000 - 0x00007ff9bd007000 	C:\Program Files\Java\jdk-12.0.2\bin\server\jvm.dll
0x00007ff9fdf40000 - 0x00007ff9fdf48000 	C:\Windows\System32\PSAPI.DLL
0x00007ff9eabf0000 - 0x00007ff9eabf9000 	C:\Windows\SYSTEM32\WSOCK32.dll
0x00007ff9f8450000 - 0x00007ff9f8474000 	C:\Windows\SYSTEM32\WINMM.dll
0x00007ff9fdbb0000 - 0x00007ff9fdc1d000 	C:\Windows\System32\WS2_32.dll
0x00007ff9f8330000 - 0x00007ff9f835d000 	C:\Windows\SYSTEM32\winmmbase.dll
0x00007ff9fb270000 - 0x00007ff9fb2ba000 	C:\Windows\System32\cfgmgr32.dll
0x00007ff9fa830000 - 0x00007ff9fa841000 	C:\Windows\System32\kernel.appcore.dll
0x00007ff9dd970000 - 0x00007ff9dd981000 	C:\Program Files\Java\jdk-12.0.2\bin\verify.dll
0x00007ff9f9120000 - 0x00007ff9f930d000 	C:\Windows\SYSTEM32\DBGHELP.DLL
0x00007ff9dfd70000 - 0x00007ff9dfd9a000 	C:\Windows\SYSTEM32\dbgcore.DLL
0x00007ff9cbe20000 - 0x00007ff9cbe46000 	C:\Program Files\Java\jdk-12.0.2\bin\java.dll
0x00007ff9d6b80000 - 0x00007ff9d6b97000 	C:\Program Files\Java\jdk-12.0.2\bin\zip.dll
0x00007ff9ea480000 - 0x00007ff9ea48a000 	C:\Program Files\Java\jdk-12.0.2\bin\jimage.dll

dbghelp: loaded successfully - version: 4.0.5 - missing functions: none
symbol engine: initialized successfully - sym options: 0x614 - pdb path: .;C:\Program Files\Java\jdk-12.0.2\bin;C:\Windows\SYSTEM32;C:\Windows\WinSxS\amd64_microsoft.windows.common-controls_6595b64144ccf1df_6.0.17763.615_none_05b4414a072024d4;C:\Program Files\Java\jdk-12.0.2\bin\server

VM Arguments:
jvm_args: -Dfile.encoding=Cp1252 
java_command: Screen
java_class_path (initial): C:\Users\alexa\eclipse-workspace\Ray Marching 2D\bin
Launcher Type: SUN_STANDARD

[Global flags]
     intx CICompilerCount                          = 4                                         {product} {ergonomic}
     uint G1ConcRefinementThreads                  = 8                                         {product} {ergonomic}
   size_t G1HeapRegionSize                         = 1048576                                   {product} {ergonomic}
    uintx GCDrainStackTargetSize                   = 64                                        {product} {ergonomic}
   size_t InitialHeapSize                          = 132120576                                 {product} {ergonomic}
   size_t MaxHeapSize                              = 2107637760                                {product} {ergonomic}
   size_t MinHeapDeltaBytes                        = 1048576                                   {product} {ergonomic}
    uintx NonNMethodCodeHeapSize                   = 5836300                                {pd product} {ergonomic}
    uintx NonProfiledCodeHeapSize                  = 122910970                              {pd product} {ergonomic}
    uintx ProfiledCodeHeapSize                     = 122910970                              {pd product} {ergonomic}
    uintx ReservedCodeCacheSize                    = 251658240                              {pd product} {ergonomic}
     bool SegmentedCodeCache                       = true                                      {product} {ergonomic}
     bool UseCompressedClassPointers               = true                                 {lp64_product} {ergonomic}
     bool UseCompressedOops                        = true                                 {lp64_product} {ergonomic}
     bool UseG1GC                                  = true                                      {product} {ergonomic}
     bool UseLargePagesIndividualAllocation        = false                                  {pd product} {ergonomic}

Logging:
Log output configuration:
 #0: stdout all=warning uptime,level,tags
 #1: stderr all=off uptime,level,tags

Environment Variables:
PATH=C:/Program Files/Java/jdk-12.0.2/bin/server;C:/Program Files/Java/jdk-12.0.2/bin;C:\Program Files (x86)\Common Files\Oracle\Java\javapath;C:\Windows\system32;C:\Windows;C:\Windows\System32\Wbem;C:\Windows\System32\WindowsPowerShell\v1.0\;C:\Windows\System32\OpenSSH\;C:\Program Files (x86)\NVIDIA Corporation\PhysX\Common;C:\Program Files\NVIDIA Corporation\NVIDIA NvDLISR;C:\Users\alexa\AppData\Local\Programs\Python\Python37\Scripts\;C:\Users\alexa\AppData\Local\Programs\Python\Python37\;C:\Users\alexa\AppData\Local\Microsoft\WindowsApps;C:\Users\alexa\AppData\Local\GitHubDesktop\bin;C:\Users\alexa\AppData\Local\atom\bin;C:\Users\alexa\OneDrive\Desktop;
USERNAME=alexa
OS=Windows_NT
PROCESSOR_IDENTIFIER=Intel64 Family 6 Model 142 Stepping 11, GenuineIntel



---------------  S Y S T E M  ---------------

OS: Windows 10 , 64 bit Build 17763 (10.0.17763.475)

CPU:total 8 (initial active 8) (4 cores per cpu, 2 threads per core) family 6 model 142 stepping 11, cmov, cx8, fxsr, mmx, sse, sse2, sse3, ssse3, sse4.1, sse4.2, popcnt, avx, avx2, aes, clmul, erms, 3dnowpref, lzcnt, ht, tsc, tscinvbit, bmi1, bmi2, adx, fma

Memory: 4k page, system-wide physical 8039M (685M free)
TotalPageFile size 32615M (AvailPageFile size 3M)
current process WorkingSet (physical memory assigned to process): 9M, peak: 9M
current process commit charge ("private bytes"): 13M, peak: 14M

vm_info: Java HotSpot(TM) 64-Bit Server VM (12.0.2+10) for windows-amd64 JRE (12.0.2+10), built on Jul 16 2019 01:56:17 by "mach5one" with MS VC++ 15.5 (VS2017)

END.
